Building sink node...
mkdir -p build/telosb
    compiling GlobalTestAppC to a telosb binary
ncc -o build/telosb/main.exe  -Os -DCTP_CLEAR -DLPL_COEXISTENCE -DRADIO_ACTIVATIONS -I../tos/chips/cc2420 -I../tos/chips/cc2420/csma -I../tos/chips/cc2420/receive -I../tos/chips/cc2420/transmit -I../tos/chips/cc2420/interfaces -I../tos/chips/cc2420/opp -I../tos/chips/cc2420/opp/debug -I../tos/chips/cc2420/unique -I../tos/chips/cc2420/dc -I../tos/chips/cc2420/lpl  -fnesc-separator=__ -Wall -Wshadow -Wnesc-all -target=telosb -fnesc-cfile=build/telosb/app.c -board= -DTOSH_DATA_LENGTH=94 -DDEFINED_TOS_AM_GROUP=0x22 -Ibuild/telosb -DCC2420_DEF_RFPOWER=27 -DCC2420_DEF_CHANNEL=17 -DACK_LOW_POWER_LISTENING -IroutingTest/common -IroutingTest/common/routingInfo -IPLR -DLPL_DEF_LOCAL_WAKEUP=2048 -DLPL_DEF_REMOTE_WAKEUP=2048 -DTEST_NETWORK_PACKET_RATE=4096 -IroutingTest/sink_node  -DSERIAL_FW -DIDENT_APPNAME=\"GlobalTestAppC\" -DIDENT_USERNAME=\"ashen\" -DIDENT_HOSTNAME=\"ashenxu\" -DIDENT_USERHASH=0xbf8a0ba0L -DIDENT_TIMESTAMP=0x52a5a663L -DIDENT_UIDHASH=0x14562d99L  GlobalTestAppC.nc -lm 
In file included from PLR/PLRAppC.nc:15,
                 from GlobalTestAppC.nc:5:
In component `ExperimentStarterC':
PLR/ExperimentStarterC.nc: In function `startExperiment':
PLR/ExperimentStarterC.nc:87: warning: passing argument 2 of `Packet.getPayload' makes integer from pointer without a cast
In file included from PLR/PLRAppC.nc:15,
                 from GlobalTestAppC.nc:5:
In component `PLRC':
PLR/PLRC.nc: In function `TimerExperiment.fired':
PLR/PLRC.nc:147: warning: passing argument 2 of `Packet.getPayload' makes integer from pointer without a cast
In file included from PLR/PLRAppC.nc:15,
                 from GlobalTestAppC.nc:5:
In component `MAC_PLRC':
PLR/MAC_PLRC.nc: In function `TimerSend.fired':
PLR/MAC_PLRC.nc:139: warning: passing argument 2 of `Packet.getPayload' makes integer from pointer without a cast
/opt/proper-tinyos-2.1.1/tos/chips/cc2420/interfaces/PowerCycle.nc:56:2: warning: #warning usman disable the changes in PowerCycle.nc
../tos/chips/cc2420/lpl/DefaultLplC.nc:39:2: warning: #warning "*** Olaf USING DEFAULT LOW POWER COMMUNICATIONS ***"
In file included from PLR/PLRAppC.nc:38,
                 from GlobalTestAppC.nc:5:
In component `FloodingReportP':
PLR/FloodingReportP.nc: In function `enqueueStat':
PLR/FloodingReportP.nc:57: warning: passing argument 2 of `Packet.getPayload' makes integer from pointer without a cast
PLR/FloodingReportP.nc: In function `StatsReport.report':
PLR/FloodingReportP.nc:158: warning: passing argument 1 of `enqueueStat' from incompatible pointer type
PLR/FloodingReportP.nc: In function `ReceiveStats.receive':
PLR/FloodingReportP.nc:262: warning: passing argument 2 of `Packet.getPayload' makes integer from pointer without a cast
/opt/proper-tinyos-2.1.1/tos/chips/msp430/adc12/Msp430Adc12ImplP.nc:68:4: warning: #warning Accessing TimerA for ADC12
In component `PLRAppC':
PLR/PLRAppC.nc: At top level:
PLR/PLRAppC.nc:107: no match
In file included from routingTest/sink_node/TestAppC.nc:21,
                 from GlobalTestAppC.nc:6:
In component `RoutingTesterC':
routingTest/common/RoutingTesterC.nc:27: component CollectionC not found
routingTest/common/RoutingTesterC.nc:28: component CollectionSenderC not found
routingTest/common/RoutingTesterC.nc:28: component `CollectionSenderC' is not generic
routingTest/common/routingInfo/RoutingInfoC.nc:1:17: error: Ctp.h: No such file or directory
routingTest/common/routingInfo/RoutingInfoP.nc:1:18: error: Ctp.h: No such file or directory
In file included from routingTest/common/routingInfo/RoutingInfoC.nc:26,
                 from routingTest/common/RoutingTesterC.nc:29,
                 from routingTest/sink_node/TestAppC.nc:21,
                 from GlobalTestAppC.nc:6:
In component `RoutingInfoP':
routingTest/common/routingInfo/RoutingInfoP.nc:11: interface CollectionPacket not found
routingTest/common/routingInfo/RoutingInfoP.nc:12: interface CtpInfo not found
routingTest/common/routingInfo/RoutingInfoP.nc:23: interface CollectionDebug not found
routingTest/common/routingInfo/RoutingInfoP.nc:52: `logEvent' is not in interface `CollectionDebug'
routingTest/common/routingInfo/RoutingInfoP.nc: In function `CollectionDebug.logEvent':
routingTest/common/routingInfo/RoutingInfoP.nc:53: `NET_C_FE_SEND_QUEUE_FULL' undeclared (first use in this function)
routingTest/common/routingInfo/RoutingInfoP.nc:53: (Each undeclared identifier is reported only once
routingTest/common/routingInfo/RoutingInfoP.nc:53: for each function it appears in.)
routingTest/common/routingInfo/RoutingInfoP.nc:55: `NET_C_FE_DUPLICATE_CACHE_AT_SEND' undeclared (first use in this function)
routingTest/common/routingInfo/RoutingInfoP.nc:59: `NET_C_FE_DUPLICATE_QUEUE' undeclared (first use in this function)
routingTest/common/routingInfo/RoutingInfoP.nc: At top level:
routingTest/common/routingInfo/RoutingInfoP.nc:81: `logEventSimple' is not in interface `CollectionDebug'
routingTest/common/routingInfo/RoutingInfoP.nc:85: `logEventDbg' is not in interface `CollectionDebug'
routingTest/common/routingInfo/RoutingInfoP.nc:89: `logEventMsg' is not in interface `CollectionDebug'
routingTest/common/routingInfo/RoutingInfoP.nc: In function `CollectionDebug.logEventMsg':
routingTest/common/routingInfo/RoutingInfoP.nc:92: `NET_C_FE_FWD_MSG' undeclared (first use in this function)
routingTest/common/routingInfo/RoutingInfoP.nc:96: `NET_C_FE_SENDDONE_FAIL_ACK_SEND' undeclared (first use in this function)
routingTest/common/routingInfo/RoutingInfoP.nc:98: `NET_C_FE_SENDDONE_FAIL_ACK_FWD' undeclared (first use in this function)
routingTest/common/routingInfo/RoutingInfoP.nc: At top level:
routingTest/common/routingInfo/RoutingInfoP.nc:113: `logEventRoute' is not in interface `CollectionDebug'
routingTest/common/routingInfo/RoutingInfoP.nc: In function `CollectionDebug.logEventRoute':
routingTest/common/routingInfo/RoutingInfoP.nc:114: `NET_C_TREE_NEW_PARENT' undeclared (first use in this function)
routingTest/common/routingInfo/RoutingInfoP.nc:115: `INVALID_ADDR' undeclared (first use in this function)
routingTest/common/routingInfo/RoutingInfoP.nc:126: `NET_C_TREE_SENT_BEACON' undeclared (first use in this function)
routingTest/common/routingInfo/RoutingInfoP.nc: In function `RoutingInfo.getParent':
routingTest/common/routingInfo/RoutingInfoP.nc:147: interface has no command or event named `getParent'
routingTest/common/routingInfo/RoutingInfoP.nc: In function `RoutingInfo.getParentEtx':
routingTest/common/routingInfo/RoutingInfoP.nc:159: interface has no command or event named `getEtx'
In component `RoutingInfoC':
routingTest/common/routingInfo/RoutingInfoC.nc: At top level:
routingTest/common/routingInfo/RoutingInfoC.nc:30: no match
routingTest/common/routingInfo/RoutingInfoC.nc:31: no match
routingTest/common/routingInfo/RoutingInfoC.nc:33: cannot find `CollectionDebug'
In file included from routingTest/common/RoutingTesterC.nc:30,
                 from routingTest/sink_node/TestAppC.nc:21,
                 from GlobalTestAppC.nc:6:
In component `RoutingTesterP':
routingTest/common/RoutingTesterP.nc:13: interface RootControl not found
routingTest/common/RoutingTesterP.nc:22: interface CtpClear not found
routingTest/common/RoutingTesterP.nc:23: interface CtpRadioSettings not found
routingTest/common/RoutingTesterP.nc: In function `sendMsg':
routingTest/common/RoutingTesterP.nc:106: too few arguments to function `Send.getPayload'
routingTest/common/RoutingTesterP.nc:125: interface has no command or event named `getTimeIdle'
routingTest/common/RoutingTesterP.nc:127: interface has no command or event named `getTimeData'
routingTest/common/RoutingTesterP.nc: In function `RoutingTester.startRouting':
routingTest/common/RoutingTesterP.nc:196: interface has no command or event named `clear'
routingTest/common/RoutingTesterP.nc: In function `RoutingTester.setRoot':
routingTest/common/RoutingTesterP.nc:206: interface has no command or event named `setRoot'
routingTest/common/RoutingTesterP.nc: In function `RoutingTester.setPower':
routingTest/common/RoutingTesterP.nc:242: interface has no command or event named `setPower'
In component `RoutingTesterC':
routingTest/common/RoutingTesterC.nc: At top level:
routingTest/common/RoutingTesterC.nc:34: component CtpRadioSettingsP not found
routingTest/common/RoutingTesterC.nc:44: no match
routingTest/common/RoutingTesterC.nc:45: no match
routingTest/common/RoutingTesterC.nc:46: no match
routingTest/common/RoutingTesterC.nc:49: no match
routingTest/common/RoutingTesterC.nc:50: no match
In file included from routingTest/sink_node/TestAppC.nc:22,
                 from GlobalTestAppC.nc:6:
In component `TestManagerC':
routingTest/sink_node/TestManagerC.nc: In function `serialSend.runTask':
routingTest/sink_node/TestManagerC.nc:213: too few arguments to function `SerialSend.getPayload'
routingTest/sink_node/TestManagerC.nc: In function `ConfigFwTimer.fired':
routingTest/sink_node/TestManagerC.nc:253: too few arguments to function `ConfigSend.getPayload'
routingTest/sink_node/TestManagerC.nc:258: interface has no command or event named `setRxSleepInterval'
In component `TestAppC':
routingTest/sink_node/TestAppC.nc: At top level:
routingTest/sink_node/TestAppC.nc:59: endpoint is not a parameterised interface
make: *** [exe0] Errore 1
